SF:lib\design\errors.dart
DA:2,0
LF:1
LH:0
end_of_record
SF:lib\pages\helper\validate_input.dart
DA:3,2
DA:4,2
DA:7,4
LF:3
LH:3
end_of_record
SF:lib\config\providers\user_provider.dart
DA:7,1
DA:9,1
DA:10,1
DA:13,0
DA:15,0
LF:5
LH:3
end_of_record
SF:lib\design\copys.dart
DA:2,0
LF:1
LH:0
end_of_record
SF:lib\models\user.dart
DA:3,1
LF:1
LH:1
end_of_record
SF:lib\pages\login_page.dart
DA:11,1
DA:13,1
DA:14,1
DA:36,1
DA:38,1
DA:39,2
DA:40,2
DA:43,1
DA:45,1
DA:46,1
DA:47,1
DA:48,1
DA:50,2
DA:51,1
DA:53,3
DA:55,1
DA:57,1
DA:59,3
DA:63,1
DA:64,1
DA:65,1
DA:66,1
DA:67,1
DA:70,1
DA:71,1
DA:73,1
DA:74,3
DA:75,2
DA:76,0
DA:77,0
DA:78,0
DA:79,0
DA:80,0
DA:81,0
DA:84,1
DA:85,2
DA:86,1
DA:87,1
DA:90,0
DA:91,0
DA:93,1
DA:94,1
DA:95,1
DA:96,1
DA:98,1
DA:102,1
DA:103,1
DA:105,1
DA:106,1
DA:111,0
DA:112,0
DA:113,0
DA:114,0
DA:115,0
DA:116,0
DA:119,1
DA:120,2
DA:121,1
DA:122,1
DA:127,1
DA:128,1
DA:131,1
DA:133,1
DA:134,1
DA:135,1
DA:139,1
DA:140,0
DA:141,0
DA:142,0
DA:149,1
DA:150,0
DA:151,1
DA:153,1
DA:158,1
DA:162,1
DA:163,1
DA:164,3
DA:166,3
DA:167,4
DA:168,1
DA:169,1
DA:172,1
DA:207,1
DA:209,1
DA:210,1
DA:237,1
DA:270,1
DA:272,1
DA:274,1
DA:275,0
DA:276,0
LF:91
LH:71
end_of_record
SF:lib\config\app_routes.dart
DA:2,0
LF:1
LH:0
end_of_record
SF:lib\design\colors.dart
DA:4,0
LF:1
LH:0
end_of_record
SF:lib\design\radius.dart
DA:4,0
LF:1
LH:0
end_of_record
